2022/04/06 00:08:14 {"callers":["/Users/chenmuxi/go/src/HTTP-Blog/main.go: 25 main.init.0"],"level":"error","message":"app.BindAndValid errs: State必须是[0 1]中的一个","time":1649174894664447000}
2022/04/06 00:23:44 {"callers":["/Users/chenmuxi/go/src/HTTP-Blog/main.go: 25 main.init.0"],"level":"error","message":"app.BindAndValid errs: Name长度必须至少为3个字符","time":1649175824304256000}
2022/04/06 00:25:08 {"callers":["/Users/chenmuxi/go/src/HTTP-Blog/main.go: 25 main.init.0"],"level":"error","message":"app.BindAndValid errs: ID为必填字段,Name长度必须至少为3个字符,State为必填字段","time":1649175908737568000}
2022/04/06 00:25:26 {"callers":["/Users/chenmuxi/go/src/HTTP-Blog/main.go: 25 main.init.0"],"level":"error","message":"app.BindAndValid errs: Name长度必须至少为3个字符,State为必填字段","time":1649175926765408000}
2022/04/06 00:26:20 {"callers":["/Users/chenmuxi/go/src/HTTP-Blog/main.go: 25 main.init.0"],"level":"error","message":"app.BindAndValid errs: ID为必填字段,Name长度必须至少为3个字符,State为必填字段","time":1649175980255676000}
2022/04/06 00:26:34 {"callers":["/Users/chenmuxi/go/src/HTTP-Blog/main.go: 25 main.init.0"],"level":"error","message":"app.BindAndValid errs: ID为必填字段,Name长度必须至少为3个字符,State为必填字段","time":1649175994152685000}
2022/04/06 00:28:09 {"callers":["/Users/chenmuxi/go/src/HTTP-Blog/main.go: 25 main.init.0"],"level":"error","message":"app.BindAndValid errs: State为必填字段","time":1649176089921828000}
2022/04/06 00:28:35 {"callers":["/Users/chenmuxi/go/src/HTTP-Blog/main.go: 25 main.init.0"],"level":"error","message":"app.BindAndValid errs: State为必填字段","time":1649176115685782000}
2022/04/07 19:51:47 {"callers":["/Users/chenmuxi/go/src/HTTP-Blog/main.go: 25 main.init.0"],"level":"error","message":"app.BindAndValid errs: ID为必填字段,Name长度必须至少为3个字符,State为必填字段","time":1649332307270978000}
2022/04/07 19:52:02 {"callers":["/Users/chenmuxi/go/src/HTTP-Blog/main.go: 25 main.init.0"],"level":"error","message":"app.BindAndValid errs: Name长度必须至少为3个字符,State为必填字段","time":1649332322559657000}
2022/04/07 19:53:45 {"callers":["/Users/chenmuxi/go/src/HTTP-Blog/main.go: 25 main.init.0"],"level":"error","message":"app.BindAndValid errs: Name长度必须至少为3个字符","time":1649332425331721000}
2022/04/08 12:49:01 {"callers":["/Users/chenmuxi/go/src/HTTP-Blog/main.go: 25 main.init.0"],"level":"error","message":"app.BindAndValid errs: AppSecret为必填字段,AppKey为必填字段","time":1649393341671773000}
2022/04/08 12:49:47 {"callers":["/Users/chenmuxi/go/src/HTTP-Blog/main.go: 25 main.init.0"],"level":"error","message":"app.BindAndValid errs: AppKey为必填字段,AppSecret为必填字段","time":1649393387183971000}
2022/04/08 13:49:47 {"callers":["/Users/chenmuxi/go/src/HTTP-Blog/main.go: 25 main.init.0"],"level":"error","message":"app.BindAndValid errs: AppSecret为必填字段,AppKey为必填字段","time":1649396987862388000}
2022/04/09 10:27:58 {"callers":["/Users/chenmuxi/go/src/HTTP-Blog/main.go: 26 main.init.0"],"level":"error","message":"app.BindAndValid errs: AppKey为必填字段,AppSecret为必填字段","time":1649471278190252000}
2022/04/09 10:28:29 {"callers":["/Users/chenmuxi/go/src/HTTP-Blog/main.go: 26 main.init.0"],"level":"error","message":"app.BindAndValid errs: AppKey为必填字段,AppSecret为必填字段","time":1649471309049236000}
2022/04/09 14:48:57 {"callers":["/Users/chenmuxi/go/src/HTTP-Blog/main.go: 39 main.init.0"],"level":"error","message":"app.BindAndValid errs: CreatedBy为必填字段","span_id":"49aedde9379a24e8","time":1649486937371910000,"trace_id":"49aedde9379a24e8"}
2022/04/09 14:49:27 {"callers":["/Users/chenmuxi/go/src/HTTP-Blog/main.go: 39 main.init.0"],"level":"error","message":"app.BindAndValid errs: CreatedBy为必填字段","span_id":"38dd76305a9953a","time":1649486967674754000,"trace_id":"38dd76305a9953a"}
2022/04/09 14:49:37 {"callers":["/Users/chenmuxi/go/src/HTTP-Blog/main.go: 39 main.init.0"],"level":"error","message":"app.BindAndValid errs: CreatedBy为必填字段","span_id":"449b1d5e9480a025","time":1649486977852186000,"trace_id":"449b1d5e9480a025"}
2022/04/09 14:49:38 {"callers":["/Users/chenmuxi/go/src/HTTP-Blog/main.go: 39 main.init.0"],"level":"error","message":"app.BindAndValid errs: CreatedBy为必填字段","span_id":"5647be86ee8b5310","time":1649486978374286000,"trace_id":"5647be86ee8b5310"}
2022/04/09 15:27:11 {"callers":["/Users/chenmuxi/go/src/HTTP-Blog/main.go: 39 main.init.0"],"level":"error","message":"app.BindAndValid errs: CreatedBy长度必须至少为3个字符","span_id":"78451989b221571c","time":1649489231798640000,"trace_id":"78451989b221571c"}
2022/04/09 15:35:59 {"callers":["/Users/chenmuxi/go/src/HTTP-Blog/main.go: 39 main.init.0"],"level":"error","message":"app.BindAndValid errs: ID为必填字段","span_id":"9cbff64f2acb0ce","time":1649489759910819000,"trace_id":"9cbff64f2acb0ce"}
2022/04/09 15:41:17 {"callers":["/Users/chenmuxi/go/src/HTTP-Blog/main.go: 39 main.init.0"],"level":"error","message":"app.BindAndValid errs: ID为必填字段","span_id":"5fda748ec99bc2a9","time":1649490077116237000,"trace_id":"5fda748ec99bc2a9"}
2022/04/09 19:13:55 {"callers":["/Users/chenmuxi/go/src/HTTP-Blog/main.go: 39 main.init.0"],"level":"error","message":"svc.UploadFile err: file suffix is not supported.","span_id":"4ceab3be2f3506d2","time":1649502835403742000,"trace_id":"4ceab3be2f3506d2"}
